{"C:\\Users\\javie\\OneDrive\\Desktop\\cashtrack\\backend\\src\\server.ts": {"path":"C:\\Users\\javie\\OneDrive\\Desktop\\cashtrack\\backend\\src\\server.ts","statementMap":{"0":{"start":{"line":13,"column":0},"end":{"line":13,"column":7}},"1":{"start":{"line":1,"column":0},"end":{"line":1,"column":29}},"2":{"start":{"line":3,"column":0},"end":{"line":3,"column":27}},"3":{"start":{"line":4,"column":0},"end":{"line":4,"column":32}},"4":{"start":{"line":5,"column":0},"end":{"line":5,"column":48}},"5":{"start":{"line":6,"column":0},"end":{"line":6,"column":44}},"6":{"start":{"line":14,"column":4},"end":{"line":20,"column":5}},"7":{"start":{"line":15,"column":8},"end":{"line":15,"column":null}},"8":{"start":{"line":16,"column":8},"end":{"line":16,"column":null}},"9":{"start":{"line":22,"column":0},"end":{"line":22,"column":null}},"10":{"start":{"line":24,"column":12},"end":{"line":24,"column":21}},"11":{"start":{"line":26,"column":0},"end":{"line":26,"column":null}},"12":{"start":{"line":28,"column":0},"end":{"line":28,"column":null}},"13":{"start":{"line":32,"column":0},"end":{"line":32,"column":null}},"14":{"start":{"line":33,"column":0},"end":{"line":33,"column":null}},"15":{"start":{"line":35,"column":0},"end":{"line":37,"column":null}},"16":{"start":{"line":36,"column":4},"end":{"line":36,"column":null}},"17":{"start":{"line":39,"column":0},"end":{"line":39,"column":null}}},"fnMap":{"0":{"name":"connectDB","decl":{"start":{"line":13,"column":22},"end":{"line":13,"column":31}},"loc":{"start":{"line":13,"column":31},"end":{"line":21,"column":1}}},"1":{"name":"(anonymous_2)","decl":{"start":{"line":35,"column":13},"end":{"line":35,"column":14}},"loc":{"start":{"line":35,"column":26},"end":{"line":37,"column":1}}}},"branchMap":{},"s":{"0":1,"1":1,"2":1,"3":1,"4":1,"5":1,"6":1,"7":1,"8":1,"9":1,"10":1,"11":1,"12":1,"13":1,"14":1,"15":1,"16":0,"17":1},"f":{"0":1,"1":0},"b":{}}
,"C:\\Users\\javie\\OneDrive\\Desktop\\cashtrack\\backend\\src\\config\\db.ts": {"path":"C:\\Users\\javie\\OneDrive\\Desktop\\cashtrack\\backend\\src\\config\\db.ts","statementMap":{"0":{"start":{"line":1,"column":0},"end":{"line":1,"column":49}},"1":{"start":{"line":2,"column":0},"end":{"line":2,"column":27}},"2":{"start":{"line":3,"column":0},"end":{"line":3,"column":null}},"3":{"start":{"line":7,"column":13},"end":{"line":15,"column":null}}},"fnMap":{},"branchMap":{},"s":{"0":1,"1":1,"2":1,"3":1},"f":{},"b":{}}
,"C:\\Users\\javie\\OneDrive\\Desktop\\cashtrack\\backend\\src\\config\\limiter.ts": {"path":"C:\\Users\\javie\\OneDrive\\Desktop\\cashtrack\\backend\\src\\config\\limiter.ts","statementMap":{"0":{"start":{"line":1,"column":0},"end":{"line":1,"column":46}},"1":{"start":{"line":4,"column":13},"end":{"line":8,"column":null}}},"fnMap":{},"branchMap":{"0":{"loc":{"start":{"line":6,"column":11},"end":{"line":6,"column":58}},"type":"cond-expr","locations":[{"start":{"line":6,"column":51},"end":{"line":6,"column":52}},{"start":{"line":6,"column":55},"end":{"line":6,"column":58}}]}},"s":{"0":1,"1":1},"f":{},"b":{"0":[0,1]}}
,"C:\\Users\\javie\\OneDrive\\Desktop\\cashtrack\\backend\\src\\config\\nodemailer.ts": {"path":"C:\\Users\\javie\\OneDrive\\Desktop\\cashtrack\\backend\\src\\config\\nodemailer.ts","statementMap":{"0":{"start":{"line":1,"column":0},"end":{"line":1,"column":35}},"1":{"start":{"line":2,"column":0},"end":{"line":2,"column":27}},"2":{"start":{"line":3,"column":0},"end":{"line":3,"column":null}},"3":{"start":{"line":14,"column":15},"end":{"line":23,"column":1}},"4":{"start":{"line":15,"column":4},"end":{"line":22,"column":null}},"5":{"start":{"line":25,"column":13},"end":{"line":25,"column":62}}},"fnMap":{"0":{"name":"(anonymous_1)","decl":{"start":{"line":14,"column":15},"end":{"line":14,"column":19}},"loc":{"start":{"line":14,"column":21},"end":{"line":23,"column":1}}}},"branchMap":{},"s":{"0":2,"1":2,"2":2,"3":2,"4":2,"5":2},"f":{"0":2},"b":{}}
,"C:\\Users\\javie\\OneDrive\\Desktop\\cashtrack\\backend\\src\\controllers\\AuthController.ts": {"path":"C:\\Users\\javie\\OneDrive\\Desktop\\cashtrack\\backend\\src\\controllers\\AuthController.ts","statementMap":{"0":{"start":{"line":2,"column":0},"end":{"line":2,"column":34}},"1":{"start":{"line":3,"column":0},"end":{"line":3,"column":60}},"2":{"start":{"line":4,"column":0},"end":{"line":4,"column":47}},"3":{"start":{"line":5,"column":0},"end":{"line":5,"column":48}},"4":{"start":{"line":6,"column":0},"end":{"line":6,"column":43}},"5":{"start":{"line":9,"column":27},"end":{"line":43,"column":5}},"6":{"start":{"line":10,"column":37},"end":{"line":10,"column":45}},"7":{"start":{"line":13,"column":27},"end":{"line":13,"column":67}},"8":{"start":{"line":14,"column":8},"end":{"line":17,"column":9}},"9":{"start":{"line":15,"column":26},"end":{"line":15,"column":82}},"10":{"start":{"line":16,"column":12},"end":{"line":16,"column":null}},"11":{"start":{"line":19,"column":8},"end":{"line":42,"column":9}},"12":{"start":{"line":20,"column":25},"end":{"line":20,"column":52}},"13":{"start":{"line":21,"column":12},"end":{"line":21,"column":null}},"14":{"start":{"line":22,"column":26},"end":{"line":22,"column":41}},"15":{"start":{"line":23,"column":12},"end":{"line":23,"column":31}},"16":{"start":{"line":26,"column":12},"end":{"line":28,"column":13}},"17":{"start":{"line":27,"column":16},"end":{"line":27,"column":null}},"18":{"start":{"line":30,"column":12},"end":{"line":30,"column":null}},"19":{"start":{"line":32,"column":12},"end":{"line":36,"column":null}},"20":{"start":{"line":38,"column":12},"end":{"line":38,"column":null}},"21":{"start":{"line":41,"column":12},"end":{"line":41,"column":null}},"22":{"start":{"line":45,"column":28},"end":{"line":56,"column":5}},"23":{"start":{"line":46,"column":26},"end":{"line":46,"column":34}},"24":{"start":{"line":47,"column":21},"end":{"line":47,"column":61}},"25":{"start":{"line":48,"column":8},"end":{"line":51,"column":9}},"26":{"start":{"line":49,"column":26},"end":{"line":49,"column":54}},"27":{"start":{"line":50,"column":12},"end":{"line":50,"column":null}},"28":{"start":{"line":52,"column":8},"end":{"line":52,"column":30}},"29":{"start":{"line":53,"column":8},"end":{"line":53,"column":27}},"30":{"start":{"line":54,"column":8},"end":{"line":54,"column":null}},"31":{"start":{"line":55,"column":8},"end":{"line":55,"column":null}},"32":{"start":{"line":58,"column":19},"end":{"line":78,"column":5}},"33":{"start":{"line":59,"column":36},"end":{"line":59,"column":44}},"34":{"start":{"line":62,"column":21},"end":{"line":62,"column":58}},"35":{"start":{"line":63,"column":8},"end":{"line":66,"column":9}},"36":{"start":{"line":64,"column":26},"end":{"line":64,"column":60}},"37":{"start":{"line":65,"column":12},"end":{"line":65,"column":null}},"38":{"start":{"line":67,"column":8},"end":{"line":70,"column":9}},"39":{"start":{"line":68,"column":26},"end":{"line":68,"column":70}},"40":{"start":{"line":69,"column":12},"end":{"line":69,"column":null}},"41":{"start":{"line":71,"column":34},"end":{"line":71,"column":78}},"42":{"start":{"line":72,"column":16},"end":{"line":75,"column":9}},"43":{"start":{"line":73,"column":26},"end":{"line":73,"column":58}},"44":{"start":{"line":74,"column":12},"end":{"line":74,"column":null}},"45":{"start":{"line":76,"column":22},"end":{"line":76,"column":42}},"46":{"start":{"line":77,"column":8},"end":{"line":77,"column":null}},"47":{"start":{"line":79,"column":28},"end":{"line":98,"column":5}},"48":{"start":{"line":80,"column":26},"end":{"line":80,"column":34}},"49":{"start":{"line":83,"column":21},"end":{"line":83,"column":58}},"50":{"start":{"line":84,"column":8},"end":{"line":87,"column":9}},"51":{"start":{"line":85,"column":26},"end":{"line":85,"column":60}},"52":{"start":{"line":86,"column":12},"end":{"line":86,"column":null}},"53":{"start":{"line":88,"column":8},"end":{"line":88,"column":null}},"54":{"start":{"line":89,"column":8},"end":{"line":89,"column":null}},"55":{"start":{"line":92,"column":8},"end":{"line":96,"column":null}},"56":{"start":{"line":97,"column":8},"end":{"line":97,"column":null}},"57":{"start":{"line":99,"column":27},"end":{"line":108,"column":5}},"58":{"start":{"line":100,"column":26},"end":{"line":100,"column":34}},"59":{"start":{"line":102,"column":28},"end":{"line":102,"column":64}},"60":{"start":{"line":103,"column":8},"end":{"line":106,"column":9}},"61":{"start":{"line":104,"column":26},"end":{"line":104,"column":54}},"62":{"start":{"line":105,"column":12},"end":{"line":105,"column":null}},"63":{"start":{"line":107,"column":8},"end":{"line":107,"column":null}},"64":{"start":{"line":109,"column":36},"end":{"line":124,"column":5}},"65":{"start":{"line":110,"column":24},"end":{"line":110,"column":34}},"66":{"start":{"line":111,"column":27},"end":{"line":111,"column":35}},"67":{"start":{"line":113,"column":21},"end":{"line":113,"column":57}},"68":{"start":{"line":114,"column":8},"end":{"line":117,"column":9}},"69":{"start":{"line":115,"column":26},"end":{"line":115,"column":54}},"70":{"start":{"line":116,"column":12},"end":{"line":116,"column":null}},"71":{"start":{"line":120,"column":8},"end":{"line":120,"column":null}},"72":{"start":{"line":121,"column":8},"end":{"line":121,"column":null}},"73":{"start":{"line":122,"column":8},"end":{"line":122,"column":null}},"74":{"start":{"line":123,"column":8},"end":{"line":123,"column":null}},"75":{"start":{"line":126,"column":18},"end":{"line":128,"column":1}},"76":{"start":{"line":127,"column":8},"end":{"line":127,"column":null}},"77":{"start":{"line":129,"column":39},"end":{"line":141,"column":5}},"78":{"start":{"line":130,"column":45},"end":{"line":130,"column":53}},"79":{"start":{"line":131,"column":23},"end":{"line":131,"column":31}},"80":{"start":{"line":132,"column":21},"end":{"line":132,"column":44}},"81":{"start":{"line":133,"column":34},"end":{"line":133,"column":86}},"82":{"start":{"line":134,"column":8},"end":{"line":137,"column":9}},"83":{"start":{"line":135,"column":26},"end":{"line":135,"column":71}},"84":{"start":{"line":136,"column":12},"end":{"line":136,"column":null}},"85":{"start":{"line":138,"column":8},"end":{"line":138,"column":null}},"86":{"start":{"line":139,"column":8},"end":{"line":139,"column":null}},"87":{"start":{"line":140,"column":8},"end":{"line":140,"column":null}},"88":{"start":{"line":143,"column":27},"end":{"line":153,"column":5}},"89":{"start":{"line":144,"column":29},"end":{"line":144,"column":37}},"90":{"start":{"line":145,"column":23},"end":{"line":145,"column":31}},"91":{"start":{"line":146,"column":21},"end":{"line":146,"column":44}},"92":{"start":{"line":147,"column":34},"end":{"line":147,"column":78}},"93":{"start":{"line":148,"column":8},"end":{"line":151,"column":9}},"94":{"start":{"line":149,"column":26},"end":{"line":149,"column":71}},"95":{"start":{"line":150,"column":12},"end":{"line":150,"column":null}},"96":{"start":{"line":152,"column":8},"end":{"line":152,"column":null}},"97":{"start":{"line":8,"column":0},"end":{"line":8,"column":13}}},"fnMap":{"0":{"name":"(anonymous_1)","decl":{"start":{"line":9,"column":27},"end":{"line":9,"column":32}},"loc":{"start":{"line":9,"column":65},"end":{"line":43,"column":5}}},"1":{"name":"(anonymous_2)","decl":{"start":{"line":45,"column":28},"end":{"line":45,"column":33}},"loc":{"start":{"line":45,"column":66},"end":{"line":56,"column":5}}},"2":{"name":"(anonymous_3)","decl":{"start":{"line":58,"column":19},"end":{"line":58,"column":24}},"loc":{"start":{"line":58,"column":57},"end":{"line":78,"column":5}}},"3":{"name":"(anonymous_4)","decl":{"start":{"line":79,"column":28},"end":{"line":79,"column":33}},"loc":{"start":{"line":79,"column":66},"end":{"line":98,"column":5}}},"4":{"name":"(anonymous_5)","decl":{"start":{"line":99,"column":27},"end":{"line":99,"column":32}},"loc":{"start":{"line":99,"column":65},"end":{"line":108,"column":5}}},"5":{"name":"(anonymous_6)","decl":{"start":{"line":109,"column":36},"end":{"line":109,"column":41}},"loc":{"start":{"line":109,"column":74},"end":{"line":124,"column":5}}},"6":{"name":"(anonymous_7)","decl":{"start":{"line":126,"column":18},"end":{"line":126,"column":23}},"loc":{"start":{"line":126,"column":56},"end":{"line":128,"column":1}}},"7":{"name":"(anonymous_8)","decl":{"start":{"line":129,"column":39},"end":{"line":129,"column":44}},"loc":{"start":{"line":129,"column":77},"end":{"line":141,"column":5}}},"8":{"name":"(anonymous_9)","decl":{"start":{"line":143,"column":27},"end":{"line":143,"column":32}},"loc":{"start":{"line":143,"column":65},"end":{"line":153,"column":5}}}},"branchMap":{"0":{"loc":{"start":{"line":14,"column":8},"end":{"line":17,"column":9}},"type":"if","locations":[{"start":{"line":14,"column":8},"end":{"line":17,"column":9}},{"start":{},"end":{}}]},"1":{"loc":{"start":{"line":26,"column":12},"end":{"line":28,"column":13}},"type":"if","locations":[{"start":{"line":26,"column":12},"end":{"line":28,"column":13}},{"start":{},"end":{}}]},"2":{"loc":{"start":{"line":48,"column":8},"end":{"line":51,"column":9}},"type":"if","locations":[{"start":{"line":48,"column":8},"end":{"line":51,"column":9}},{"start":{},"end":{}}]},"3":{"loc":{"start":{"line":63,"column":8},"end":{"line":66,"column":9}},"type":"if","locations":[{"start":{"line":63,"column":8},"end":{"line":66,"column":9}},{"start":{},"end":{}}]},"4":{"loc":{"start":{"line":67,"column":8},"end":{"line":70,"column":9}},"type":"if","locations":[{"start":{"line":67,"column":8},"end":{"line":70,"column":9}},{"start":{},"end":{}}]},"5":{"loc":{"start":{"line":72,"column":16},"end":{"line":75,"column":9}},"type":"if","locations":[{"start":{"line":72,"column":16},"end":{"line":75,"column":9}},{"start":{},"end":{}}]},"6":{"loc":{"start":{"line":84,"column":8},"end":{"line":87,"column":9}},"type":"if","locations":[{"start":{"line":84,"column":8},"end":{"line":87,"column":9}},{"start":{},"end":{}}]},"7":{"loc":{"start":{"line":103,"column":8},"end":{"line":106,"column":9}},"type":"if","locations":[{"start":{"line":103,"column":8},"end":{"line":106,"column":9}},{"start":{},"end":{}}]},"8":{"loc":{"start":{"line":114,"column":8},"end":{"line":117,"column":9}},"type":"if","locations":[{"start":{"line":114,"column":8},"end":{"line":117,"column":9}},{"start":{},"end":{}}]},"9":{"loc":{"start":{"line":134,"column":8},"end":{"line":137,"column":9}},"type":"if","locations":[{"start":{"line":134,"column":8},"end":{"line":137,"column":9}},{"start":{},"end":{}}]},"10":{"loc":{"start":{"line":148,"column":8},"end":{"line":151,"column":9}},"type":"if","locations":[{"start":{"line":148,"column":8},"end":{"line":151,"column":9}},{"start":{},"end":{}}]}},"s":{"0":2,"1":2,"2":2,"3":2,"4":2,"5":2,"6":5,"7":5,"8":5,"9":3,"10":3,"11":2,"12":2,"13":2,"14":2,"15":2,"16":2,"17":2,"18":2,"19":2,"20":2,"21":0,"22":2,"23":2,"24":2,"25":2,"26":1,"27":1,"28":1,"29":1,"30":1,"31":1,"32":2,"33":14,"34":14,"35":14,"36":2,"37":2,"38":12,"39":3,"40":3,"41":9,"42":9,"43":2,"44":2,"45":7,"46":7,"47":2,"48":0,"49":0,"50":0,"51":0,"52":0,"53":0,"54":0,"55":0,"56":0,"57":2,"58":0,"59":0,"60":0,"61":0,"62":0,"63":0,"64":2,"65":0,"66":0,"67":0,"68":0,"69":0,"70":0,"71":0,"72":0,"73":0,"74":0,"75":2,"76":0,"77":2,"78":0,"79":0,"80":0,"81":0,"82":0,"83":0,"84":0,"85":0,"86":0,"87":0,"88":2,"89":0,"90":0,"91":0,"92":0,"93":0,"94":0,"95":0,"96":0,"97":2},"f":{"0":5,"1":2,"2":14,"3":0,"4":0,"5":0,"6":0,"7":0,"8":0},"b":{"0":[3,2],"1":[2,0],"2":[1,1],"3":[2,12],"4":[3,9],"5":[2,7],"6":[0,0],"7":[0,0],"8":[0,0],"9":[0,0],"10":[0,0]}}
,"C:\\Users\\javie\\OneDrive\\Desktop\\cashtrack\\backend\\src\\controllers\\BudgetController.ts": {"path":"C:\\Users\\javie\\OneDrive\\Desktop\\cashtrack\\backend\\src\\controllers\\BudgetController.ts","statementMap":{"0":{"start":{"line":2,"column":0},"end":{"line":2,"column":38}},"1":{"start":{"line":3,"column":0},"end":{"line":3,"column":40}},"2":{"start":{"line":7,"column":20},"end":{"line":22,"column":5}},"3":{"start":{"line":8,"column":8},"end":{"line":21,"column":9}},"4":{"start":{"line":9,"column":28},"end":{"line":16,"column":14}},"5":{"start":{"line":17,"column":12},"end":{"line":17,"column":null}},"6":{"start":{"line":20,"column":12},"end":{"line":20,"column":null}},"7":{"start":{"line":24,"column":20},"end":{"line":34,"column":5}},"8":{"start":{"line":25,"column":8},"end":{"line":33,"column":9}},"9":{"start":{"line":26,"column":27},"end":{"line":26,"column":56}},"10":{"start":{"line":27,"column":12},"end":{"line":27,"column":42}},"11":{"start":{"line":28,"column":12},"end":{"line":28,"column":null}},"12":{"start":{"line":29,"column":12},"end":{"line":29,"column":null}},"13":{"start":{"line":32,"column":12},"end":{"line":32,"column":null}},"14":{"start":{"line":36,"column":21},"end":{"line":42,"column":5}},"15":{"start":{"line":37,"column":23},"end":{"line":39,"column":10}},"16":{"start":{"line":41,"column":8},"end":{"line":41,"column":null}},"17":{"start":{"line":44,"column":24},"end":{"line":48,"column":5}},"18":{"start":{"line":46,"column":8},"end":{"line":46,"column":null}},"19":{"start":{"line":47,"column":8},"end":{"line":47,"column":null}},"20":{"start":{"line":50,"column":24},"end":{"line":53,"column":5}},"21":{"start":{"line":51,"column":12},"end":{"line":51,"column":40}},"22":{"start":{"line":52,"column":12},"end":{"line":52,"column":null}},"23":{"start":{"line":5,"column":0},"end":{"line":5,"column":13}}},"fnMap":{"0":{"name":"(anonymous_1)","decl":{"start":{"line":7,"column":20},"end":{"line":7,"column":25}},"loc":{"start":{"line":7,"column":58},"end":{"line":22,"column":5}}},"1":{"name":"(anonymous_2)","decl":{"start":{"line":24,"column":20},"end":{"line":24,"column":25}},"loc":{"start":{"line":24,"column":58},"end":{"line":34,"column":5}}},"2":{"name":"(anonymous_3)","decl":{"start":{"line":36,"column":21},"end":{"line":36,"column":26}},"loc":{"start":{"line":36,"column":59},"end":{"line":42,"column":5}}},"3":{"name":"(anonymous_4)","decl":{"start":{"line":44,"column":24},"end":{"line":44,"column":29}},"loc":{"start":{"line":44,"column":62},"end":{"line":48,"column":5}}},"4":{"name":"(anonymous_5)","decl":{"start":{"line":50,"column":24},"end":{"line":50,"column":29}},"loc":{"start":{"line":50,"column":62},"end":{"line":53,"column":5}}}},"branchMap":{},"s":{"0":2,"1":2,"2":2,"3":5,"4":5,"5":4,"6":1,"7":2,"8":3,"9":3,"10":2,"11":2,"12":2,"13":1,"14":2,"15":4,"16":4,"17":2,"18":2,"19":2,"20":2,"21":2,"22":2,"23":2},"f":{"0":5,"1":3,"2":4,"3":2,"4":2},"b":{}}
,"C:\\Users\\javie\\OneDrive\\Desktop\\cashtrack\\backend\\src\\controllers\\ExpenseController.ts": {"path":"C:\\Users\\javie\\OneDrive\\Desktop\\cashtrack\\backend\\src\\controllers\\ExpenseController.ts","statementMap":{"0":{"start":{"line":2,"column":0},"end":{"line":2,"column":40}},"1":{"start":{"line":8,"column":20},"end":{"line":10,"column":5}},"2":{"start":{"line":9,"column":8},"end":{"line":9,"column":null}},"3":{"start":{"line":11,"column":20},"end":{"line":21,"column":5}},"4":{"start":{"line":12,"column":8},"end":{"line":20,"column":9}},"5":{"start":{"line":13,"column":28},"end":{"line":13,"column":58}},"6":{"start":{"line":14,"column":12},"end":{"line":14,"column":null}},"7":{"start":{"line":15,"column":12},"end":{"line":15,"column":null}},"8":{"start":{"line":16,"column":12},"end":{"line":16,"column":null}},"9":{"start":{"line":19,"column":12},"end":{"line":19,"column":null}},"10":{"start":{"line":23,"column":21},"end":{"line":25,"column":5}},"11":{"start":{"line":24,"column":8},"end":{"line":24,"column":null}},"12":{"start":{"line":27,"column":24},"end":{"line":30,"column":5}},"13":{"start":{"line":28,"column":8},"end":{"line":28,"column":null}},"14":{"start":{"line":29,"column":8},"end":{"line":29,"column":null}},"15":{"start":{"line":32,"column":24},"end":{"line":35,"column":5}},"16":{"start":{"line":33,"column":8},"end":{"line":33,"column":null}},"17":{"start":{"line":34,"column":8},"end":{"line":34,"column":null}},"18":{"start":{"line":6,"column":0},"end":{"line":6,"column":13}}},"fnMap":{"0":{"name":"(anonymous_1)","decl":{"start":{"line":8,"column":20},"end":{"line":8,"column":25}},"loc":{"start":{"line":8,"column":58},"end":{"line":10,"column":5}}},"1":{"name":"(anonymous_2)","decl":{"start":{"line":11,"column":20},"end":{"line":11,"column":25}},"loc":{"start":{"line":11,"column":58},"end":{"line":21,"column":5}}},"2":{"name":"(anonymous_3)","decl":{"start":{"line":23,"column":21},"end":{"line":23,"column":26}},"loc":{"start":{"line":23,"column":59},"end":{"line":25,"column":5}}},"3":{"name":"(anonymous_4)","decl":{"start":{"line":27,"column":24},"end":{"line":27,"column":29}},"loc":{"start":{"line":27,"column":62},"end":{"line":30,"column":5}}},"4":{"name":"(anonymous_5)","decl":{"start":{"line":32,"column":24},"end":{"line":32,"column":29}},"loc":{"start":{"line":32,"column":62},"end":{"line":35,"column":5}}}},"branchMap":{},"s":{"0":2,"1":2,"2":0,"3":2,"4":2,"5":2,"6":1,"7":1,"8":1,"9":1,"10":2,"11":1,"12":2,"13":1,"14":1,"15":2,"16":1,"17":1,"18":2},"f":{"0":0,"1":2,"2":1,"3":1,"4":1},"b":{}}
,"C:\\Users\\javie\\OneDrive\\Desktop\\cashtrack\\backend\\src\\emails\\AuthEmail.ts": {"path":"C:\\Users\\javie\\OneDrive\\Desktop\\cashtrack\\backend\\src\\emails\\AuthEmail.ts","statementMap":{"0":{"start":{"line":1,"column":0},"end":{"line":1,"column":49}},"1":{"start":{"line":11,"column":44},"end":{"line":52,"column":5}},"2":{"start":{"line":12,"column":22},"end":{"line":49,"column":10}},"3":{"start":{"line":54,"column":45},"end":{"line":95,"column":5}},"4":{"start":{"line":55,"column":22},"end":{"line":92,"column":10}},"5":{"start":{"line":9,"column":0},"end":{"line":9,"column":13}}},"fnMap":{"0":{"name":"(anonymous_0)","decl":{"start":{"line":11,"column":44},"end":{"line":11,"column":49}},"loc":{"start":{"line":11,"column":70},"end":{"line":52,"column":5}}},"1":{"name":"(anonymous_1)","decl":{"start":{"line":54,"column":45},"end":{"line":54,"column":50}},"loc":{"start":{"line":54,"column":71},"end":{"line":95,"column":5}}}},"branchMap":{},"s":{"0":2,"1":2,"2":1,"3":2,"4":0,"5":2},"f":{"0":1,"1":0},"b":{}}
,"C:\\Users\\javie\\OneDrive\\Desktop\\cashtrack\\backend\\src\\middleware\\auth.ts": {"path":"C:\\Users\\javie\\OneDrive\\Desktop\\cashtrack\\backend\\src\\middleware\\auth.ts","statementMap":{"0":{"start":{"line":2,"column":0},"end":{"line":2,"column":30}},"1":{"start":{"line":3,"column":0},"end":{"line":3,"column":34}},"2":{"start":{"line":13,"column":28},"end":{"line":37,"column":1}},"3":{"start":{"line":14,"column":19},"end":{"line":14,"column":44}},"4":{"start":{"line":16,"column":4},"end":{"line":19,"column":5}},"5":{"start":{"line":17,"column":22},"end":{"line":17,"column":48}},"6":{"start":{"line":18,"column":8},"end":{"line":18,"column":null}},"7":{"start":{"line":21,"column":22},"end":{"line":21,"column":39}},"8":{"start":{"line":22,"column":4},"end":{"line":25,"column":5}},"9":{"start":{"line":23,"column":22},"end":{"line":23,"column":50}},"10":{"start":{"line":24,"column":8},"end":{"line":24,"column":null}},"11":{"start":{"line":26,"column":4},"end":{"line":36,"column":5}},"12":{"start":{"line":27,"column":24},"end":{"line":27,"column":65}},"13":{"start":{"line":28,"column":8},"end":{"line":33,"column":9}},"14":{"start":{"line":29,"column":12},"end":{"line":31,"column":null}},"15":{"start":{"line":32,"column":12},"end":{"line":32,"column":null}},"16":{"start":{"line":35,"column":8},"end":{"line":35,"column":null}},"17":{"start":{"line":13,"column":13},"end":{"line":13,"column":28}}},"fnMap":{"0":{"name":"(anonymous_1)","decl":{"start":{"line":13,"column":28},"end":{"line":13,"column":33}},"loc":{"start":{"line":13,"column":86},"end":{"line":37,"column":1}}}},"branchMap":{"0":{"loc":{"start":{"line":16,"column":4},"end":{"line":19,"column":5}},"type":"if","locations":[{"start":{"line":16,"column":4},"end":{"line":19,"column":5}},{"start":{},"end":{}}]},"1":{"loc":{"start":{"line":22,"column":4},"end":{"line":25,"column":5}},"type":"if","locations":[{"start":{"line":22,"column":4},"end":{"line":25,"column":5}},{"start":{},"end":{}}]},"2":{"loc":{"start":{"line":28,"column":8},"end":{"line":33,"column":9}},"type":"if","locations":[{"start":{"line":28,"column":8},"end":{"line":33,"column":9}},{"start":{},"end":{}}]},"3":{"loc":{"start":{"line":28,"column":12},"end":{"line":28,"column":53}},"type":"binary-expr","locations":[{"start":{"line":28,"column":12},"end":{"line":28,"column":39}},{"start":{"line":28,"column":43},"end":{"line":28,"column":53}}]}},"s":{"0":1,"1":1,"2":1,"3":16,"4":16,"5":5,"6":5,"7":11,"8":11,"9":0,"10":0,"11":11,"12":11,"13":10,"14":10,"15":10,"16":1,"17":1},"f":{"0":16},"b":{"0":[5,11],"1":[0,11],"2":[10,0],"3":[10,10]}}
,"C:\\Users\\javie\\OneDrive\\Desktop\\cashtrack\\backend\\src\\middleware\\budget.ts": {"path":"C:\\Users\\javie\\OneDrive\\Desktop\\cashtrack\\backend\\src\\middleware\\budget.ts","statementMap":{"0":{"start":{"line":63,"column":0},"end":{"line":63,"column":16}},"1":{"start":{"line":2,"column":0},"end":{"line":2,"column":65}},"2":{"start":{"line":3,"column":0},"end":{"line":3,"column":38}},"3":{"start":{"line":13,"column":32},"end":{"line":26,"column":1}},"4":{"start":{"line":15,"column":4},"end":{"line":19,"column":null}},"5":{"start":{"line":17,"column":25},"end":{"line":17,"column":34}},"6":{"start":{"line":21,"column":17},"end":{"line":21,"column":38}},"7":{"start":{"line":22,"column":4},"end":{"line":24,"column":5}},"8":{"start":{"line":23,"column":8},"end":{"line":23,"column":null}},"9":{"start":{"line":25,"column":4},"end":{"line":25,"column":null}},"10":{"start":{"line":13,"column":13},"end":{"line":13,"column":32}},"11":{"start":{"line":28,"column":36},"end":{"line":43,"column":1}},"12":{"start":{"line":29,"column":8},"end":{"line":42,"column":9}},"13":{"start":{"line":30,"column":33},"end":{"line":30,"column":43}},"14":{"start":{"line":31,"column":27},"end":{"line":31,"column":69}},"15":{"start":{"line":33,"column":12},"end":{"line":36,"column":13}},"16":{"start":{"line":34,"column":30},"end":{"line":34,"column":68}},"17":{"start":{"line":35,"column":16},"end":{"line":35,"column":null}},"18":{"start":{"line":37,"column":12},"end":{"line":37,"column":null}},"19":{"start":{"line":38,"column":12},"end":{"line":38,"column":null}},"20":{"start":{"line":41,"column":12},"end":{"line":41,"column":null}},"21":{"start":{"line":28,"column":13},"end":{"line":28,"column":36}},"22":{"start":{"line":45,"column":36},"end":{"line":61,"column":1}},"23":{"start":{"line":48,"column":4},"end":{"line":49,"column":null}},"24":{"start":{"line":51,"column":4},"end":{"line":54,"column":null}},"25":{"start":{"line":54,"column":25},"end":{"line":54,"column":34}},"26":{"start":{"line":60,"column":4},"end":{"line":60,"column":null}},"27":{"start":{"line":45,"column":13},"end":{"line":45,"column":36}},"28":{"start":{"line":64,"column":8},"end":{"line":67,"column":9}},"29":{"start":{"line":65,"column":26},"end":{"line":65,"column":55}},"30":{"start":{"line":66,"column":12},"end":{"line":66,"column":null}},"31":{"start":{"line":68,"column":4},"end":{"line":68,"column":null}}},"fnMap":{"0":{"name":"(anonymous_1)","decl":{"start":{"line":13,"column":32},"end":{"line":13,"column":37}},"loc":{"start":{"line":13,"column":90},"end":{"line":26,"column":1}}},"1":{"name":"(anonymous_2)","decl":{"start":{"line":17,"column":16},"end":{"line":17,"column":21}},"loc":{"start":{"line":17,"column":25},"end":{"line":17,"column":34}}},"2":{"name":"(anonymous_3)","decl":{"start":{"line":28,"column":36},"end":{"line":28,"column":41}},"loc":{"start":{"line":28,"column":94},"end":{"line":43,"column":1}}},"3":{"name":"(anonymous_4)","decl":{"start":{"line":45,"column":36},"end":{"line":45,"column":41}},"loc":{"start":{"line":45,"column":94},"end":{"line":61,"column":1}}},"4":{"name":"(anonymous_5)","decl":{"start":{"line":54,"column":16},"end":{"line":54,"column":21}},"loc":{"start":{"line":54,"column":25},"end":{"line":54,"column":34}}},"5":{"name":"hasAccess","decl":{"start":{"line":63,"column":16},"end":{"line":63,"column":25}},"loc":{"start":{"line":63,"column":73},"end":{"line":69,"column":1}}}},"branchMap":{"0":{"loc":{"start":{"line":22,"column":4},"end":{"line":24,"column":5}},"type":"if","locations":[{"start":{"line":22,"column":4},"end":{"line":24,"column":5}},{"start":{},"end":{}}]},"1":{"loc":{"start":{"line":33,"column":12},"end":{"line":36,"column":13}},"type":"if","locations":[{"start":{"line":33,"column":12},"end":{"line":36,"column":13}},{"start":{},"end":{}}]},"2":{"loc":{"start":{"line":64,"column":8},"end":{"line":67,"column":9}},"type":"if","locations":[{"start":{"line":64,"column":8},"end":{"line":67,"column":9}},{"start":{},"end":{}}]}},"s":{"0":3,"1":3,"2":3,"3":3,"4":7,"5":6,"6":7,"7":7,"8":1,"9":6,"10":3,"11":3,"12":9,"13":9,"14":9,"15":8,"16":3,"17":3,"18":5,"19":5,"20":1,"21":3,"22":3,"23":4,"24":4,"25":4,"26":4,"27":3,"28":7,"29":2,"30":2,"31":5},"f":{"0":7,"1":6,"2":9,"3":4,"4":4,"5":7},"b":{"0":[1,6],"1":[3,5],"2":[2,5]}}
,"C:\\Users\\javie\\OneDrive\\Desktop\\cashtrack\\backend\\src\\middleware\\expense.ts": {"path":"C:\\Users\\javie\\OneDrive\\Desktop\\cashtrack\\backend\\src\\middleware\\expense.ts","statementMap":{"0":{"start":{"line":2,"column":0},"end":{"line":2,"column":65}},"1":{"start":{"line":3,"column":0},"end":{"line":3,"column":40}},"2":{"start":{"line":13,"column":37},"end":{"line":24,"column":1}},"3":{"start":{"line":15,"column":4},"end":{"line":16,"column":null}},"4":{"start":{"line":18,"column":4},"end":{"line":21,"column":null}},"5":{"start":{"line":21,"column":25},"end":{"line":21,"column":34}},"6":{"start":{"line":23,"column":4},"end":{"line":23,"column":null}},"7":{"start":{"line":13,"column":13},"end":{"line":13,"column":37}},"8":{"start":{"line":26,"column":34},"end":{"line":35,"column":1}},"9":{"start":{"line":28,"column":4},"end":{"line":28,"column":null}},"10":{"start":{"line":28,"column":53},"end":{"line":28,"column":62}},"11":{"start":{"line":30,"column":17},"end":{"line":30,"column":38}},"12":{"start":{"line":31,"column":4},"end":{"line":33,"column":5}},"13":{"start":{"line":32,"column":8},"end":{"line":32,"column":null}},"14":{"start":{"line":34,"column":4},"end":{"line":34,"column":null}},"15":{"start":{"line":26,"column":13},"end":{"line":26,"column":34}},"16":{"start":{"line":37,"column":37},"end":{"line":52,"column":1}},"17":{"start":{"line":38,"column":8},"end":{"line":51,"column":9}},"18":{"start":{"line":39,"column":34},"end":{"line":39,"column":44}},"19":{"start":{"line":40,"column":28},"end":{"line":40,"column":72}},"20":{"start":{"line":42,"column":12},"end":{"line":45,"column":13}},"21":{"start":{"line":43,"column":30},"end":{"line":43,"column":62}},"22":{"start":{"line":44,"column":16},"end":{"line":44,"column":null}},"23":{"start":{"line":46,"column":12},"end":{"line":46,"column":null}},"24":{"start":{"line":47,"column":12},"end":{"line":47,"column":null}},"25":{"start":{"line":50,"column":12},"end":{"line":50,"column":null}},"26":{"start":{"line":37,"column":13},"end":{"line":37,"column":37}}},"fnMap":{"0":{"name":"(anonymous_1)","decl":{"start":{"line":13,"column":37},"end":{"line":13,"column":42}},"loc":{"start":{"line":13,"column":95},"end":{"line":24,"column":1}}},"1":{"name":"(anonymous_2)","decl":{"start":{"line":21,"column":16},"end":{"line":21,"column":21}},"loc":{"start":{"line":21,"column":25},"end":{"line":21,"column":34}}},"2":{"name":"(anonymous_3)","decl":{"start":{"line":26,"column":34},"end":{"line":26,"column":39}},"loc":{"start":{"line":26,"column":92},"end":{"line":35,"column":1}}},"3":{"name":"(anonymous_4)","decl":{"start":{"line":28,"column":44},"end":{"line":28,"column":49}},"loc":{"start":{"line":28,"column":53},"end":{"line":28,"column":62}}},"4":{"name":"(anonymous_5)","decl":{"start":{"line":37,"column":37},"end":{"line":37,"column":42}},"loc":{"start":{"line":37,"column":95},"end":{"line":52,"column":1}}}},"branchMap":{"0":{"loc":{"start":{"line":31,"column":4},"end":{"line":33,"column":5}},"type":"if","locations":[{"start":{"line":31,"column":4},"end":{"line":33,"column":5}},{"start":{},"end":{}}]},"1":{"loc":{"start":{"line":42,"column":12},"end":{"line":45,"column":13}},"type":"if","locations":[{"start":{"line":42,"column":12},"end":{"line":45,"column":13}},{"start":{},"end":{}}]}},"s":{"0":2,"1":2,"2":2,"3":0,"4":0,"5":0,"6":0,"7":2,"8":2,"9":0,"10":0,"11":0,"12":0,"13":0,"14":0,"15":2,"16":2,"17":3,"18":3,"19":3,"20":2,"21":1,"22":1,"23":1,"24":1,"25":1,"26":2},"f":{"0":0,"1":0,"2":0,"3":0,"4":3},"b":{"0":[0,0],"1":[1,1]}}
,"C:\\Users\\javie\\OneDrive\\Desktop\\cashtrack\\backend\\src\\middleware\\validation.ts": {"path":"C:\\Users\\javie\\OneDrive\\Desktop\\cashtrack\\backend\\src\\middleware\\validation.ts","statementMap":{"0":{"start":{"line":2,"column":0},"end":{"line":2,"column":52}},"1":{"start":{"line":4,"column":33},"end":{"line":10,"column":1}},"2":{"start":{"line":5,"column":17},"end":{"line":5,"column":38}},"3":{"start":{"line":6,"column":4},"end":{"line":8,"column":5}},"4":{"start":{"line":7,"column":8},"end":{"line":7,"column":null}},"5":{"start":{"line":9,"column":4},"end":{"line":9,"column":null}},"6":{"start":{"line":4,"column":13},"end":{"line":4,"column":33}}},"fnMap":{"0":{"name":"(anonymous_0)","decl":{"start":{"line":4,"column":33},"end":{"line":4,"column":34}},"loc":{"start":{"line":4,"column":85},"end":{"line":10,"column":1}}}},"branchMap":{"0":{"loc":{"start":{"line":6,"column":4},"end":{"line":8,"column":5}},"type":"if","locations":[{"start":{"line":6,"column":4},"end":{"line":8,"column":5}},{"start":{},"end":{}}]}},"s":{"0":1,"1":1,"2":25,"3":25,"4":8,"5":17,"6":1},"f":{"0":25},"b":{"0":[8,17]}}
,"C:\\Users\\javie\\OneDrive\\Desktop\\cashtrack\\backend\\src\\models\\Budget.ts": {"path":"C:\\Users\\javie\\OneDrive\\Desktop\\cashtrack\\backend\\src\\models\\Budget.ts","statementMap":{"0":{"start":{"line":1,"column":0},"end":{"line":1,"column":112}},"1":{"start":{"line":2,"column":0},"end":{"line":2,"column":32}},"2":{"start":{"line":3,"column":0},"end":{"line":3,"column":26}},"3":{"start":{"line":10,"column":0},"end":{"line":36,"column":null}},"4":{"start":{"line":15,"column":12},"end":{"line":15,"column":null}},"5":{"start":{"line":21,"column":12},"end":{"line":21,"column":null}},"6":{"start":{"line":27,"column":12},"end":{"line":27,"column":null}},"7":{"start":{"line":23,"column":19},"end":{"line":23,"column":26}},"8":{"start":{"line":32,"column":12},"end":{"line":32,"column":null}},"9":{"start":{"line":31,"column":22},"end":{"line":31,"column":26}},"10":{"start":{"line":35,"column":12},"end":{"line":35,"column":null}},"11":{"start":{"line":34,"column":21},"end":{"line":34,"column":25}},"12":{"start":{"line":10,"column":6},"end":{"line":36,"column":null}},"13":{"start":{"line":38,"column":0},"end":{"line":38,"column":null}}},"fnMap":{"0":{"name":"(anonymous_3)","decl":{"start":{"line":23,"column":13},"end":{"line":23,"column":16}},"loc":{"start":{"line":23,"column":19},"end":{"line":23,"column":26}}},"1":{"name":"(anonymous_4)","decl":{"start":{"line":31,"column":16},"end":{"line":31,"column":19}},"loc":{"start":{"line":31,"column":22},"end":{"line":31,"column":26}}},"2":{"name":"(anonymous_5)","decl":{"start":{"line":34,"column":15},"end":{"line":34,"column":18}},"loc":{"start":{"line":34,"column":21},"end":{"line":34,"column":25}}}},"branchMap":{"0":{"loc":{"start":{"line":35,"column":18},"end":{"line":35,"column":null}},"type":"cond-expr","locations":[{"start":{"line":35,"column":22},"end":{"line":35,"column":null}},{"start":{"line":35,"column":22},"end":{"line":35,"column":null}}]},"1":{"loc":{"start":{"line":35,"column":18},"end":{"line":35,"column":22}},"type":"binary-expr","locations":[{"start":{"line":35,"column":18},"end":{"line":35,"column":null}},{"start":{"line":35,"column":18},"end":{"line":35,"column":22}}]}},"s":{"0":3,"1":3,"2":3,"3":3,"4":3,"5":3,"6":3,"7":3,"8":3,"9":2,"10":3,"11":3,"12":3,"13":3},"f":{"0":3,"1":2,"2":3},"b":{"0":[2,1],"1":[3,3]}}
,"C:\\Users\\javie\\OneDrive\\Desktop\\cashtrack\\backend\\src\\models\\Expense.ts": {"path":"C:\\Users\\javie\\OneDrive\\Desktop\\cashtrack\\backend\\src\\models\\Expense.ts","statementMap":{"0":{"start":{"line":1,"column":0},"end":{"line":1,"column":103}},"1":{"start":{"line":2,"column":0},"end":{"line":2,"column":30}},"2":{"start":{"line":8,"column":0},"end":{"line":26,"column":null}},"3":{"start":{"line":13,"column":12},"end":{"line":13,"column":null}},"4":{"start":{"line":19,"column":12},"end":{"line":19,"column":null}},"5":{"start":{"line":22,"column":12},"end":{"line":22,"column":null}},"6":{"start":{"line":21,"column":22},"end":{"line":21,"column":28}},"7":{"start":{"line":25,"column":12},"end":{"line":25,"column":null}},"8":{"start":{"line":24,"column":21},"end":{"line":24,"column":27}},"9":{"start":{"line":8,"column":6},"end":{"line":26,"column":null}},"10":{"start":{"line":27,"column":0},"end":{"line":27,"column":null}}},"fnMap":{"0":{"name":"(anonymous_3)","decl":{"start":{"line":21,"column":16},"end":{"line":21,"column":19}},"loc":{"start":{"line":21,"column":22},"end":{"line":21,"column":28}}},"1":{"name":"(anonymous_4)","decl":{"start":{"line":24,"column":15},"end":{"line":24,"column":18}},"loc":{"start":{"line":24,"column":21},"end":{"line":24,"column":27}}}},"branchMap":{"0":{"loc":{"start":{"line":25,"column":20},"end":{"line":25,"column":null}},"type":"cond-expr","locations":[{"start":{"line":25,"column":26},"end":{"line":25,"column":null}},{"start":{"line":25,"column":26},"end":{"line":25,"column":null}}]},"1":{"loc":{"start":{"line":25,"column":20},"end":{"line":25,"column":26}},"type":"binary-expr","locations":[{"start":{"line":25,"column":20},"end":{"line":25,"column":null}},{"start":{"line":25,"column":20},"end":{"line":25,"column":26}}]}},"s":{"0":3,"1":3,"2":3,"3":3,"4":3,"5":3,"6":2,"7":3,"8":2,"9":3,"10":3},"f":{"0":2,"1":2},"b":{"0":[0,3],"1":[3,1]}}
,"C:\\Users\\javie\\OneDrive\\Desktop\\cashtrack\\backend\\src\\models\\User.ts": {"path":"C:\\Users\\javie\\OneDrive\\Desktop\\cashtrack\\backend\\src\\models\\User.ts","statementMap":{"0":{"start":{"line":1,"column":0},"end":{"line":1,"column":106}},"1":{"start":{"line":2,"column":0},"end":{"line":2,"column":30}},"2":{"start":{"line":9,"column":0},"end":{"line":45,"column":null}},"3":{"start":{"line":14,"column":12},"end":{"line":14,"column":null}},"4":{"start":{"line":20,"column":12},"end":{"line":20,"column":null}},"5":{"start":{"line":27,"column":12},"end":{"line":27,"column":null}},"6":{"start":{"line":32,"column":12},"end":{"line":32,"column":null}},"7":{"start":{"line":38,"column":12},"end":{"line":38,"column":null}},"8":{"start":{"line":44,"column":12},"end":{"line":44,"column":null}},"9":{"start":{"line":40,"column":19},"end":{"line":40,"column":25}},"10":{"start":{"line":9,"column":6},"end":{"line":45,"column":null}},"11":{"start":{"line":47,"column":0},"end":{"line":47,"column":null}}},"fnMap":{"0":{"name":"(anonymous_3)","decl":{"start":{"line":40,"column":13},"end":{"line":40,"column":16}},"loc":{"start":{"line":40,"column":19},"end":{"line":40,"column":25}}}},"branchMap":{},"s":{"0":3,"1":3,"2":3,"3":3,"4":3,"5":3,"6":3,"7":3,"8":3,"9":2,"10":3,"11":3},"f":{"0":2},"b":{}}
,"C:\\Users\\javie\\OneDrive\\Desktop\\cashtrack\\backend\\src\\routes\\authRouter.ts": {"path":"C:\\Users\\javie\\OneDrive\\Desktop\\cashtrack\\backend\\src\\routes\\authRouter.ts","statementMap":{"0":{"start":{"line":1,"column":0},"end":{"line":1,"column":32}},"1":{"start":{"line":2,"column":0},"end":{"line":2,"column":47}},"2":{"start":{"line":3,"column":0},"end":{"line":3,"column":63}},"3":{"start":{"line":4,"column":0},"end":{"line":4,"column":61}},"4":{"start":{"line":5,"column":0},"end":{"line":5,"column":44}},"5":{"start":{"line":6,"column":0},"end":{"line":6,"column":50}},"6":{"start":{"line":8,"column":15},"end":{"line":8,"column":23}},"7":{"start":{"line":10,"column":0},"end":{"line":10,"column":20}},"8":{"start":{"line":12,"column":0},"end":{"line":21,"column":null}},"9":{"start":{"line":23,"column":0},"end":{"line":30,"column":null}},"10":{"start":{"line":32,"column":0},"end":{"line":39,"column":null}},"11":{"start":{"line":41,"column":0},"end":{"line":46,"column":null}},"12":{"start":{"line":48,"column":0},"end":{"line":55,"column":null}},"13":{"start":{"line":57,"column":0},"end":{"line":66,"column":null}},"14":{"start":{"line":68,"column":0},"end":{"line":71,"column":null}},"15":{"start":{"line":73,"column":0},"end":{"line":81,"column":null}},"16":{"start":{"line":83,"column":0},"end":{"line":89,"column":null}},"17":{"start":{"line":91,"column":0},"end":{"line":91,"column":null}}},"fnMap":{},"branchMap":{},"s":{"0":1,"1":1,"2":1,"3":1,"4":1,"5":1,"6":1,"7":1,"8":1,"9":1,"10":1,"11":1,"12":1,"13":1,"14":1,"15":1,"16":1,"17":1},"f":{},"b":{}}
,"C:\\Users\\javie\\OneDrive\\Desktop\\cashtrack\\backend\\src\\routes\\budgetRouter.ts": {"path":"C:\\Users\\javie\\OneDrive\\Desktop\\cashtrack\\backend\\src\\routes\\budgetRouter.ts","statementMap":{"0":{"start":{"line":1,"column":0},"end":{"line":1,"column":32}},"1":{"start":{"line":3,"column":0},"end":{"line":3,"column":67}},"2":{"start":{"line":4,"column":0},"end":{"line":4,"column":61}},"3":{"start":{"line":5,"column":0},"end":{"line":5,"column":110}},"4":{"start":{"line":6,"column":0},"end":{"line":6,"column":70}},"5":{"start":{"line":7,"column":0},"end":{"line":7,"column":103}},"6":{"start":{"line":8,"column":0},"end":{"line":8,"column":50}},"7":{"start":{"line":10,"column":15},"end":{"line":10,"column":23}},"8":{"start":{"line":12,"column":0},"end":{"line":12,"column":25}},"9":{"start":{"line":14,"column":0},"end":{"line":14,"column":43}},"10":{"start":{"line":15,"column":0},"end":{"line":15,"column":47}},"11":{"start":{"line":16,"column":0},"end":{"line":16,"column":36}},"12":{"start":{"line":18,"column":0},"end":{"line":18,"column":null}},"13":{"start":{"line":19,"column":0},"end":{"line":19,"column":null}},"14":{"start":{"line":21,"column":0},"end":{"line":21,"column":null}},"15":{"start":{"line":23,"column":0},"end":{"line":27,"column":null}},"16":{"start":{"line":28,"column":0},"end":{"line":30,"column":null}},"17":{"start":{"line":32,"column":0},"end":{"line":36,"column":null}},"18":{"start":{"line":38,"column":0},"end":{"line":40,"column":null}},"19":{"start":{"line":45,"column":0},"end":{"line":45,"column":null}},"20":{"start":{"line":46,"column":0},"end":{"line":50,"column":null}},"21":{"start":{"line":53,"column":0},"end":{"line":53,"column":null}},"22":{"start":{"line":54,"column":0},"end":{"line":57,"column":null}},"23":{"start":{"line":58,"column":0},"end":{"line":58,"column":null}},"24":{"start":{"line":60,"column":0},"end":{"line":60,"column":22}}},"fnMap":{},"branchMap":{},"s":{"0":1,"1":1,"2":1,"3":1,"4":1,"5":1,"6":1,"7":1,"8":1,"9":1,"10":1,"11":1,"12":1,"13":1,"14":1,"15":1,"16":1,"17":1,"18":1,"19":1,"20":1,"21":1,"22":1,"23":1,"24":1},"f":{},"b":{}}
,"C:\\Users\\javie\\OneDrive\\Desktop\\cashtrack\\backend\\src\\tests\\unit\\mocks\\budgets.ts": {"path":"C:\\Users\\javie\\OneDrive\\Desktop\\cashtrack\\backend\\src\\tests\\unit\\mocks\\budgets.ts","statementMap":{"0":{"start":{"line":1,"column":13},"end":{"line":71,"column":2}}},"fnMap":{},"branchMap":{},"s":{"0":3},"f":{},"b":{}}
,"C:\\Users\\javie\\OneDrive\\Desktop\\cashtrack\\backend\\src\\tests\\unit\\mocks\\expenses.ts": {"path":"C:\\Users\\javie\\OneDrive\\Desktop\\cashtrack\\backend\\src\\tests\\unit\\mocks\\expenses.ts","statementMap":{"0":{"start":{"line":1,"column":13},"end":{"line":26,"column":null}}},"fnMap":{},"branchMap":{},"s":{"0":2},"f":{},"b":{}}
,"C:\\Users\\javie\\OneDrive\\Desktop\\cashtrack\\backend\\src\\utils\\auth.ts": {"path":"C:\\Users\\javie\\OneDrive\\Desktop\\cashtrack\\backend\\src\\utils\\auth.ts","statementMap":{"0":{"start":{"line":1,"column":0},"end":{"line":1,"column":27}},"1":{"start":{"line":3,"column":28},"end":{"line":6,"column":1}},"2":{"start":{"line":4,"column":17},"end":{"line":4,"column":41}},"3":{"start":{"line":5,"column":4},"end":{"line":5,"column":null}},"4":{"start":{"line":3,"column":13},"end":{"line":3,"column":28}},"5":{"start":{"line":8,"column":29},"end":{"line":10,"column":1}},"6":{"start":{"line":9,"column":4},"end":{"line":9,"column":null}},"7":{"start":{"line":8,"column":13},"end":{"line":8,"column":29}}},"fnMap":{"0":{"name":"(anonymous_1)","decl":{"start":{"line":3,"column":28},"end":{"line":3,"column":33}},"loc":{"start":{"line":3,"column":55},"end":{"line":6,"column":1}}},"1":{"name":"(anonymous_2)","decl":{"start":{"line":8,"column":29},"end":{"line":8,"column":34}},"loc":{"start":{"line":8,"column":70},"end":{"line":10,"column":1}}}},"branchMap":{},"s":{"0":2,"1":2,"2":1,"3":1,"4":2,"5":2,"6":5,"7":2},"f":{"0":1,"1":5},"b":{}}
,"C:\\Users\\javie\\OneDrive\\Desktop\\cashtrack\\backend\\src\\utils\\jwt.ts": {"path":"C:\\Users\\javie\\OneDrive\\Desktop\\cashtrack\\backend\\src\\utils\\jwt.ts","statementMap":{"0":{"start":{"line":1,"column":0},"end":{"line":1,"column":30}},"1":{"start":{"line":2,"column":0},"end":{"line":2,"column":27}},"2":{"start":{"line":3,"column":0},"end":{"line":3,"column":null}},"3":{"start":{"line":5,"column":27},"end":{"line":10,"column":1}},"4":{"start":{"line":6,"column":18},"end":{"line":8,"column":6}},"5":{"start":{"line":9,"column":4},"end":{"line":9,"column":null}},"6":{"start":{"line":5,"column":13},"end":{"line":5,"column":27}}},"fnMap":{"0":{"name":"(anonymous_1)","decl":{"start":{"line":5,"column":27},"end":{"line":5,"column":28}},"loc":{"start":{"line":5,"column":52},"end":{"line":10,"column":1}}}},"branchMap":{},"s":{"0":2,"1":2,"2":2,"3":2,"4":5,"5":5,"6":2},"f":{"0":5},"b":{}}
,"C:\\Users\\javie\\OneDrive\\Desktop\\cashtrack\\backend\\src\\utils\\token.ts": {"path":"C:\\Users\\javie\\OneDrive\\Desktop\\cashtrack\\backend\\src\\utils\\token.ts","statementMap":{"0":{"start":{"line":1,"column":29},"end":{"line":1,"column":89}},"1":{"start":{"line":1,"column":35},"end":{"line":1,"column":89}},"2":{"start":{"line":1,"column":13},"end":{"line":1,"column":29}}},"fnMap":{"0":{"name":"(anonymous_0)","decl":{"start":{"line":1,"column":29},"end":{"line":1,"column":32}},"loc":{"start":{"line":1,"column":35},"end":{"line":1,"column":89}}}},"branchMap":{},"s":{"0":2,"1":1,"2":2},"f":{"0":1},"b":{}}
}
