TN:
SF:src\server.ts
FN:13,connectDB
FN:35,(anonymous_2)
FNF:2
FNH:1
FNDA:1,connectDB
FNDA:0,(anonymous_2)
DA:1,1
DA:3,1
DA:4,1
DA:5,1
DA:6,1
DA:13,1
DA:14,1
DA:15,1
DA:16,1
DA:22,1
DA:24,1
DA:26,1
DA:28,1
DA:32,1
DA:33,1
DA:35,1
DA:36,0
DA:39,1
LF:18
LH:17
BRF:0
BRH:0
end_of_record
TN:
SF:src\config\db.ts
FNF:0
FNH:0
DA:1,1
DA:2,1
DA:3,1
DA:7,1
LF:4
LH:4
BRF:0
BRH:0
end_of_record
TN:
SF:src\config\limiter.ts
FNF:0
FNH:0
DA:1,1
DA:4,1
LF:2
LH:2
BRDA:6,0,0,0
BRDA:6,0,1,1
BRF:2
BRH:1
end_of_record
TN:
SF:src\config\nodemailer.ts
FN:14,(anonymous_1)
FNF:1
FNH:1
FNDA:2,(anonymous_1)
DA:1,2
DA:2,2
DA:3,2
DA:14,2
DA:15,2
DA:25,2
LF:6
LH:6
BRF:0
BRH:0
end_of_record
TN:
SF:src\controllers\AuthController.ts
FN:9,(anonymous_1)
FN:45,(anonymous_2)
FN:58,(anonymous_3)
FN:79,(anonymous_4)
FN:99,(anonymous_5)
FN:109,(anonymous_6)
FN:126,(anonymous_7)
FN:129,(anonymous_8)
FN:143,(anonymous_9)
FNF:9
FNH:3
FNDA:5,(anonymous_1)
FNDA:2,(anonymous_2)
FNDA:14,(anonymous_3)
FNDA:0,(anonymous_4)
FNDA:0,(anonymous_5)
FNDA:0,(anonymous_6)
FNDA:0,(anonymous_7)
FNDA:0,(anonymous_8)
FNDA:0,(anonymous_9)
DA:2,2
DA:3,2
DA:4,2
DA:5,2
DA:6,2
DA:8,2
DA:9,2
DA:10,5
DA:13,5
DA:14,5
DA:15,3
DA:16,3
DA:19,2
DA:20,2
DA:21,2
DA:22,2
DA:23,2
DA:26,2
DA:27,2
DA:30,2
DA:32,2
DA:38,2
DA:41,0
DA:45,2
DA:46,2
DA:47,2
DA:48,2
DA:49,1
DA:50,1
DA:52,1
DA:53,1
DA:54,1
DA:55,1
DA:58,2
DA:59,14
DA:62,14
DA:63,14
DA:64,2
DA:65,2
DA:67,12
DA:68,3
DA:69,3
DA:71,9
DA:72,9
DA:73,2
DA:74,2
DA:76,7
DA:77,7
DA:79,2
DA:80,0
DA:83,0
DA:84,0
DA:85,0
DA:86,0
DA:88,0
DA:89,0
DA:92,0
DA:97,0
DA:99,2
DA:100,0
DA:102,0
DA:103,0
DA:104,0
DA:105,0
DA:107,0
DA:109,2
DA:110,0
DA:111,0
DA:113,0
DA:114,0
DA:115,0
DA:116,0
DA:120,0
DA:121,0
DA:122,0
DA:123,0
DA:126,2
DA:127,0
DA:129,2
DA:130,0
DA:131,0
DA:132,0
DA:133,0
DA:134,0
DA:135,0
DA:136,0
DA:138,0
DA:139,0
DA:140,0
DA:143,2
DA:144,0
DA:145,0
DA:146,0
DA:147,0
DA:148,0
DA:149,0
DA:150,0
DA:152,0
LF:98
LH:53
BRDA:14,0,0,3
BRDA:14,0,1,2
BRDA:26,1,0,2
BRDA:26,1,1,0
BRDA:48,2,0,1
BRDA:48,2,1,1
BRDA:63,3,0,2
BRDA:63,3,1,12
BRDA:67,4,0,3
BRDA:67,4,1,9
BRDA:72,5,0,2
BRDA:72,5,1,7
BRDA:84,6,0,0
BRDA:84,6,1,0
BRDA:103,7,0,0
BRDA:103,7,1,0
BRDA:114,8,0,0
BRDA:114,8,1,0
BRDA:134,9,0,0
BRDA:134,9,1,0
BRDA:148,10,0,0
BRDA:148,10,1,0
BRF:22
BRH:11
end_of_record
TN:
SF:src\controllers\BudgetController.ts
FN:7,(anonymous_1)
FN:24,(anonymous_2)
FN:36,(anonymous_3)
FN:44,(anonymous_4)
FN:50,(anonymous_5)
FNF:5
FNH:5
FNDA:5,(anonymous_1)
FNDA:3,(anonymous_2)
FNDA:4,(anonymous_3)
FNDA:2,(anonymous_4)
FNDA:2,(anonymous_5)
DA:2,2
DA:3,2
DA:5,2
DA:7,2
DA:8,5
DA:9,5
DA:17,4
DA:20,1
DA:24,2
DA:25,3
DA:26,3
DA:27,2
DA:28,2
DA:29,2
DA:32,1
DA:36,2
DA:37,4
DA:41,4
DA:44,2
DA:46,2
DA:47,2
DA:50,2
DA:51,2
DA:52,2
LF:24
LH:24
BRF:0
BRH:0
end_of_record
TN:
SF:src\controllers\ExpenseController.ts
FN:8,(anonymous_1)
FN:11,(anonymous_2)
FN:23,(anonymous_3)
FN:27,(anonymous_4)
FN:32,(anonymous_5)
FNF:5
FNH:4
FNDA:0,(anonymous_1)
FNDA:2,(anonymous_2)
FNDA:1,(anonymous_3)
FNDA:1,(anonymous_4)
FNDA:1,(anonymous_5)
DA:2,2
DA:6,2
DA:8,2
DA:9,0
DA:11,2
DA:12,2
DA:13,2
DA:14,1
DA:15,1
DA:16,1
DA:19,1
DA:23,2
DA:24,1
DA:27,2
DA:28,1
DA:29,1
DA:32,2
DA:33,1
DA:34,1
LF:19
LH:18
BRF:0
BRH:0
end_of_record
TN:
SF:src\emails\AuthEmail.ts
FN:11,(anonymous_0)
FN:54,(anonymous_1)
FNF:2
FNH:1
FNDA:1,(anonymous_0)
FNDA:0,(anonymous_1)
DA:1,2
DA:9,2
DA:11,2
DA:12,1
DA:54,2
DA:55,0
LF:6
LH:5
BRF:0
BRH:0
end_of_record
TN:
SF:src\middleware\auth.ts
FN:13,(anonymous_1)
FNF:1
FNH:1
FNDA:16,(anonymous_1)
DA:2,1
DA:3,1
DA:13,1
DA:14,16
DA:16,16
DA:17,5
DA:18,5
DA:21,11
DA:22,11
DA:23,0
DA:24,0
DA:26,11
DA:27,11
DA:28,10
DA:29,10
DA:32,10
DA:35,1
LF:17
LH:15
BRDA:16,0,0,5
BRDA:16,0,1,11
BRDA:22,1,0,0
BRDA:22,1,1,11
BRDA:28,2,0,10
BRDA:28,2,1,0
BRDA:28,3,0,10
BRDA:28,3,1,10
BRF:8
BRH:6
end_of_record
TN:
SF:src\middleware\budget.ts
FN:13,(anonymous_1)
FN:17,(anonymous_2)
FN:28,(anonymous_3)
FN:45,(anonymous_4)
FN:54,(anonymous_5)
FN:63,hasAccess
FNF:6
FNH:6
FNDA:7,(anonymous_1)
FNDA:6,(anonymous_2)
FNDA:9,(anonymous_3)
FNDA:4,(anonymous_4)
FNDA:4,(anonymous_5)
FNDA:7,hasAccess
DA:2,3
DA:3,3
DA:13,3
DA:15,7
DA:17,6
DA:21,7
DA:22,7
DA:23,1
DA:25,6
DA:28,3
DA:29,9
DA:30,9
DA:31,9
DA:33,8
DA:34,3
DA:35,3
DA:37,5
DA:38,5
DA:41,1
DA:45,3
DA:48,4
DA:51,4
DA:54,4
DA:60,4
DA:63,3
DA:64,7
DA:65,2
DA:66,2
DA:68,5
LF:29
LH:29
BRDA:22,0,0,1
BRDA:22,0,1,6
BRDA:33,1,0,3
BRDA:33,1,1,5
BRDA:64,2,0,2
BRDA:64,2,1,5
BRF:6
BRH:6
end_of_record
TN:
SF:src\middleware\expense.ts
FN:13,(anonymous_1)
FN:21,(anonymous_2)
FN:26,(anonymous_3)
FN:28,(anonymous_4)
FN:37,(anonymous_5)
FNF:5
FNH:1
FNDA:0,(anonymous_1)
FNDA:0,(anonymous_2)
FNDA:0,(anonymous_3)
FNDA:0,(anonymous_4)
FNDA:3,(anonymous_5)
DA:2,2
DA:3,2
DA:13,2
DA:15,0
DA:18,0
DA:21,0
DA:23,0
DA:26,2
DA:28,0
DA:30,0
DA:31,0
DA:32,0
DA:34,0
DA:37,2
DA:38,3
DA:39,3
DA:40,3
DA:42,2
DA:43,1
DA:44,1
DA:46,1
DA:47,1
DA:50,1
LF:23
LH:14
BRDA:31,0,0,0
BRDA:31,0,1,0
BRDA:42,1,0,1
BRDA:42,1,1,1
BRF:4
BRH:2
end_of_record
TN:
SF:src\middleware\validation.ts
FN:4,(anonymous_0)
FNF:1
FNH:1
FNDA:25,(anonymous_0)
DA:2,1
DA:4,1
DA:5,25
DA:6,25
DA:7,8
DA:9,17
LF:6
LH:6
BRDA:6,0,0,8
BRDA:6,0,1,17
BRF:2
BRH:2
end_of_record
TN:
SF:src\models\Budget.ts
FN:23,(anonymous_3)
FN:31,(anonymous_4)
FN:34,(anonymous_5)
FNF:3
FNH:3
FNDA:3,(anonymous_3)
FNDA:2,(anonymous_4)
FNDA:3,(anonymous_5)
DA:1,3
DA:2,3
DA:3,3
DA:10,3
DA:15,3
DA:21,3
DA:23,3
DA:27,3
DA:31,2
DA:32,3
DA:34,3
DA:35,3
DA:38,3
LF:13
LH:13
BRDA:35,0,0,2
BRDA:35,0,1,1
BRDA:35,1,0,3
BRDA:35,1,1,3
BRF:4
BRH:4
end_of_record
TN:
SF:src\models\Expense.ts
FN:21,(anonymous_3)
FN:24,(anonymous_4)
FNF:2
FNH:2
FNDA:2,(anonymous_3)
FNDA:2,(anonymous_4)
DA:1,3
DA:2,3
DA:8,3
DA:13,3
DA:19,3
DA:21,2
DA:22,3
DA:24,2
DA:25,3
DA:27,3
LF:10
LH:10
BRDA:25,0,0,0
BRDA:25,0,1,3
BRDA:25,1,0,3
BRDA:25,1,1,1
BRF:4
BRH:3
end_of_record
TN:
SF:src\models\User.ts
FN:40,(anonymous_3)
FNF:1
FNH:1
FNDA:2,(anonymous_3)
DA:1,3
DA:2,3
DA:9,3
DA:14,3
DA:20,3
DA:27,3
DA:32,3
DA:38,3
DA:40,2
DA:44,3
DA:47,3
LF:11
LH:11
BRF:0
BRH:0
end_of_record
TN:
SF:src\routes\authRouter.ts
FNF:0
FNH:0
DA:1,1
DA:2,1
DA:3,1
DA:4,1
DA:5,1
DA:6,1
DA:8,1
DA:10,1
DA:12,1
DA:23,1
DA:32,1
DA:41,1
DA:48,1
DA:57,1
DA:68,1
DA:73,1
DA:83,1
DA:91,1
LF:18
LH:18
BRF:0
BRH:0
end_of_record
TN:
SF:src\routes\budgetRouter.ts
FNF:0
FNH:0
DA:1,1
DA:3,1
DA:4,1
DA:5,1
DA:6,1
DA:7,1
DA:8,1
DA:10,1
DA:12,1
DA:14,1
DA:15,1
DA:16,1
DA:18,1
DA:19,1
DA:21,1
DA:23,1
DA:28,1
DA:32,1
DA:38,1
DA:45,1
DA:46,1
DA:53,1
DA:54,1
DA:58,1
DA:60,1
LF:25
LH:25
BRF:0
BRH:0
end_of_record
TN:
SF:src\tests\unit\mocks\budgets.ts
FNF:0
FNH:0
DA:1,3
LF:1
LH:1
BRF:0
BRH:0
end_of_record
TN:
SF:src\tests\unit\mocks\expenses.ts
FNF:0
FNH:0
DA:1,2
LF:1
LH:1
BRF:0
BRH:0
end_of_record
TN:
SF:src\utils\auth.ts
FN:3,(anonymous_1)
FN:8,(anonymous_2)
FNF:2
FNH:2
FNDA:1,(anonymous_1)
FNDA:5,(anonymous_2)
DA:1,2
DA:3,2
DA:4,1
DA:5,1
DA:8,2
DA:9,5
LF:6
LH:6
BRF:0
BRH:0
end_of_record
TN:
SF:src\utils\jwt.ts
FN:5,(anonymous_1)
FNF:1
FNH:1
FNDA:5,(anonymous_1)
DA:1,2
DA:2,2
DA:3,2
DA:5,2
DA:6,5
DA:9,5
LF:6
LH:6
BRF:0
BRH:0
end_of_record
TN:
SF:src\utils\token.ts
FN:1,(anonymous_0)
FNF:1
FNH:1
FNDA:1,(anonymous_0)
DA:1,2
LF:1
LH:1
BRF:0
BRH:0
end_of_record
